Assembler report for digital_timer_top
Sat Nov 04 10:40:04 2017
Quartus Prime Version 15.1.0 Build 185 10/21/2015 SJ Lite Edition


---------------------
; Table of Contents ;
---------------------
  1. Legal Notice
  2. Assembler Summary
  3. Assembler Settings
  4. Assembler Generated Files
  5. Assembler Device Options: D:/Work/College/Semester 5/Current Year/CSEN605/Workspace/digital_timer/output_files/digital_timer_top.sof
  6. Assembler Messages



----------------
; Legal Notice ;
----------------
Copyright (C) 1991-2015 Altera Corporation. All rights reserved.
Your use of Altera Corporation's design tools, logic functions 
and other software and tools, and its AMPP partner logic 
functions, and any output files from any of the foregoing 
(including device programming or simulation files), and any 
associated documentation or information are expressly subject 
to the terms and conditions of the Altera Program License 
Subscription Agreement, the Altera Quartus Prime License Agreement,
the Altera MegaCore Function License Agreement, or other 
applicable license agreement, including, without limitation, 
that your use is for the sole purpose of programming logic 
devices manufactured by Altera and sold by Altera or its 
authorized distributors.  Please refer to the applicable 
agreement for further details.



+---------------------------------------------------------------+
; Assembler Summary                                             ;
+-----------------------+---------------------------------------+
; Assembler Status      ; Successful - Sat Nov 04 10:40:04 2017 ;
; Revision Name         ; digital_timer_top                     ;
; Top-level Entity Name ; digital_timer_top                     ;
; Family                ; MAX 10                                ;
; Device                ; 10M50DAF484C7G                        ;
+-----------------------+---------------------------------------+


+----------------------------------+
; Assembler Settings               ;
+--------+---------+---------------+
; Option ; Setting ; Default Value ;
+--------+---------+---------------+


+------------------------------------------------------------------------------------------------------------+
; Assembler Generated Files                                                                                  ;
+------------------------------------------------------------------------------------------------------------+
; File Name                                                                                                  ;
+------------------------------------------------------------------------------------------------------------+
; D:/Work/College/Semester 5/Current Year/CSEN605/Workspace/digital_timer/output_files/digital_timer_top.sof ;
+------------------------------------------------------------------------------------------------------------+


+--------------------------------------------------------------------------------------------------------------------------------------+
; Assembler Device Options: D:/Work/College/Semester 5/Current Year/CSEN605/Workspace/digital_timer/output_files/digital_timer_top.sof ;
+----------------+---------------------------------------------------------------------------------------------------------------------+
; Option         ; Setting                                                                                                             ;
+----------------+---------------------------------------------------------------------------------------------------------------------+
; Device         ; 10M50DAF484C7G                                                                                                      ;
; JTAG usercode  ; 0x00280546                                                                                                          ;
; Checksum       ; 0x00280546                                                                                                          ;
+----------------+---------------------------------------------------------------------------------------------------------------------+


+--------------------+
; Assembler Messages ;
+--------------------+
Info: *******************************************************************
Info: Running Quartus Prime Assembler
    Info: Version 15.1.0 Build 185 10/21/2015 SJ Lite Edition
    Info: Processing started: Sat Nov 04 10:40:00 2017
Info: Command: quartus_asm --read_settings_files=off --write_settings_files=off digital_timer -c digital_timer_top
Info (115031): Writing out detailed assembly data for power analysis
Info (115030): Assembler is generating device programming files
Info: Quartus Prime Assembler was successful. 0 errors, 0 warnings
    Info: Peak virtual memory: 750 megabytes
    Info: Processing ended: Sat Nov 04 10:40:04 2017
    Info: Elapsed time: 00:00:04
    Info: Total CPU time (on all processors): 00:00:04


