Analysis & Synthesis report for digital_timer_top
Sat Nov 04 10:39:32 2017
Quartus Prime Version 15.1.0 Build 185 10/21/2015 SJ Lite Edition


---------------------
; Table of Contents ;
---------------------
  1. Legal Notice
  2. Analysis & Synthesis Summary
  3. Analysis & Synthesis Settings
  4. Parallel Compilation
  5. Analysis & Synthesis Source Files Read
  6. Analysis & Synthesis Resource Usage Summary
  7. Analysis & Synthesis Resource Utilization by Entity
  8. User-Specified and Inferred Latches
  9. General Register Statistics
 10. Port Connectivity Checks: "binary_to_BCD:bcd_encoder"
 11. Post-Synthesis Netlist Statistics for Top Partition
 12. Elapsed Time Per Partition
 13. Analysis & Synthesis Messages



----------------
; Legal Notice ;
----------------
Copyright (C) 1991-2015 Altera Corporation. All rights reserved.
Your use of Altera Corporation's design tools, logic functions 
and other software and tools, and its AMPP partner logic 
functions, and any output files from any of the foregoing 
(including device programming or simulation files), and any 
associated documentation or information are expressly subject 
to the terms and conditions of the Altera Program License 
Subscription Agreement, the Altera Quartus Prime License Agreement,
the Altera MegaCore Function License Agreement, or other 
applicable license agreement, including, without limitation, 
that your use is for the sole purpose of programming logic 
devices manufactured by Altera and sold by Altera or its 
authorized distributors.  Please refer to the applicable 
agreement for further details.



+----------------------------------------------------------------------------------+
; Analysis & Synthesis Summary                                                     ;
+------------------------------------+---------------------------------------------+
; Analysis & Synthesis Status        ; Successful - Sat Nov 04 10:39:31 2017       ;
; Quartus Prime Version              ; 15.1.0 Build 185 10/21/2015 SJ Lite Edition ;
; Revision Name                      ; digital_timer_top                           ;
; Top-level Entity Name              ; digital_timer_top                           ;
; Family                             ; MAX 10                                      ;
; Total logic elements               ; 108                                         ;
;     Total combinational functions  ; 108                                         ;
;     Dedicated logic registers      ; 34                                          ;
; Total registers                    ; 34                                          ;
; Total pins                         ; 18                                          ;
; Total virtual pins                 ; 0                                           ;
; Total memory bits                  ; 0                                           ;
; Embedded Multiplier 9-bit elements ; 0                                           ;
; Total PLLs                         ; 0                                           ;
; UFM blocks                         ; 0                                           ;
; ADC blocks                         ; 0                                           ;
+------------------------------------+---------------------------------------------+


+----------------------------------------------------------------------------------------------------------------------+
; Analysis & Synthesis Settings                                                                                        ;
+----------------------------------------------------------------------------+--------------------+--------------------+
; Option                                                                     ; Setting            ; Default Value      ;
+----------------------------------------------------------------------------+--------------------+--------------------+
; Device                                                                     ; 10M50DAF484C7G     ;                    ;
; Top-level entity name                                                      ; digital_timer_top  ; digital_timer_top  ;
; Family name                                                                ; MAX 10             ; Cyclone V          ;
; Use smart compilation                                                      ; Off                ; Off                ;
; Enable parallel Assembler and TimeQuest Timing Analyzer during compilation ; On                 ; On                 ;
; Enable compact report table                                                ; Off                ; Off                ;
; Restructure Multiplexers                                                   ; Auto               ; Auto               ;
; Create Debugging Nodes for IP Cores                                        ; Off                ; Off                ;
; Preserve fewer node names                                                  ; On                 ; On                 ;
; Disable OpenCore Plus hardware evaluation                                  ; Off                ; Off                ;
; Verilog Version                                                            ; Verilog_2001       ; Verilog_2001       ;
; VHDL Version                                                               ; VHDL_1993          ; VHDL_1993          ;
; State Machine Processing                                                   ; Auto               ; Auto               ;
; Safe State Machine                                                         ; Off                ; Off                ;
; Extract Verilog State Machines                                             ; On                 ; On                 ;
; Extract VHDL State Machines                                                ; On                 ; On                 ;
; Ignore Verilog initial constructs                                          ; Off                ; Off                ;
; Iteration limit for constant Verilog loops                                 ; 5000               ; 5000               ;
; Iteration limit for non-constant Verilog loops                             ; 250                ; 250                ;
; Add Pass-Through Logic to Inferred RAMs                                    ; On                 ; On                 ;
; Infer RAMs from Raw Logic                                                  ; On                 ; On                 ;
; Parallel Synthesis                                                         ; On                 ; On                 ;
; DSP Block Balancing                                                        ; Auto               ; Auto               ;
; NOT Gate Push-Back                                                         ; On                 ; On                 ;
; Power-Up Don't Care                                                        ; On                 ; On                 ;
; Remove Redundant Logic Cells                                               ; Off                ; Off                ;
; Remove Duplicate Registers                                                 ; On                 ; On                 ;
; Ignore CARRY Buffers                                                       ; Off                ; Off                ;
; Ignore CASCADE Buffers                                                     ; Off                ; Off                ;
; Ignore GLOBAL Buffers                                                      ; Off                ; Off                ;
; Ignore ROW GLOBAL Buffers                                                  ; Off                ; Off                ;
; Ignore LCELL Buffers                                                       ; Off                ; Off                ;
; Ignore SOFT Buffers                                                        ; On                 ; On                 ;
; Limit AHDL Integers to 32 Bits                                             ; Off                ; Off                ;
; Optimization Technique                                                     ; Balanced           ; Balanced           ;
; Carry Chain Length                                                         ; 70                 ; 70                 ;
; Auto Carry Chains                                                          ; On                 ; On                 ;
; Auto Open-Drain Pins                                                       ; On                 ; On                 ;
; Perform WYSIWYG Primitive Resynthesis                                      ; Off                ; Off                ;
; Auto ROM Replacement                                                       ; On                 ; On                 ;
; Auto RAM Replacement                                                       ; On                 ; On                 ;
; Auto DSP Block Replacement                                                 ; On                 ; On                 ;
; Auto Shift Register Replacement                                            ; Auto               ; Auto               ;
; Allow Shift Register Merging across Hierarchies                            ; Auto               ; Auto               ;
; Auto Clock Enable Replacement                                              ; On                 ; On                 ;
; Strict RAM Replacement                                                     ; Off                ; Off                ;
; Allow Synchronous Control Signals                                          ; On                 ; On                 ;
; Force Use of Synchronous Clear Signals                                     ; Off                ; Off                ;
; Auto RAM Block Balancing                                                   ; On                 ; On                 ;
; Auto RAM to Logic Cell Conversion                                          ; Off                ; Off                ;
; Auto Resource Sharing                                                      ; Off                ; Off                ;
; Allow Any RAM Size For Recognition                                         ; Off                ; Off                ;
; Allow Any ROM Size For Recognition                                         ; Off                ; Off                ;
; Allow Any Shift Register Size For Recognition                              ; Off                ; Off                ;
; Use LogicLock Constraints during Resource Balancing                        ; On                 ; On                 ;
; Ignore translate_off and synthesis_off directives                          ; Off                ; Off                ;
; Timing-Driven Synthesis                                                    ; On                 ; On                 ;
; Report Parameter Settings                                                  ; On                 ; On                 ;
; Report Source Assignments                                                  ; On                 ; On                 ;
; Report Connectivity Checks                                                 ; On                 ; On                 ;
; Ignore Maximum Fan-Out Assignments                                         ; Off                ; Off                ;
; Synchronization Register Chain Length                                      ; 2                  ; 2                  ;
; PowerPlay Power Optimization During Synthesis                              ; Normal compilation ; Normal compilation ;
; HDL message level                                                          ; Level2             ; Level2             ;
; Suppress Register Optimization Related Messages                            ; Off                ; Off                ;
; Number of Removed Registers Reported in Synthesis Report                   ; 5000               ; 5000               ;
; Number of Swept Nodes Reported in Synthesis Report                         ; 5000               ; 5000               ;
; Number of Inverted Registers Reported in Synthesis Report                  ; 100                ; 100                ;
; Clock MUX Protection                                                       ; On                 ; On                 ;
; Auto Gated Clock Conversion                                                ; Off                ; Off                ;
; Block Design Naming                                                        ; Auto               ; Auto               ;
; SDC constraint protection                                                  ; Off                ; Off                ;
; Synthesis Effort                                                           ; Auto               ; Auto               ;
; Shift Register Replacement - Allow Asynchronous Clear Signal               ; On                 ; On                 ;
; Pre-Mapping Resynthesis Optimization                                       ; Off                ; Off                ;
; Analysis & Synthesis Message Level                                         ; Medium             ; Medium             ;
; Disable Register Merging Across Hierarchies                                ; Auto               ; Auto               ;
; Resource Aware Inference For Block RAM                                     ; On                 ; On                 ;
; Synthesis Seed                                                             ; 1                  ; 1                  ;
+----------------------------------------------------------------------------+--------------------+--------------------+


+------------------------------------------+
; Parallel Compilation                     ;
+----------------------------+-------------+
; Processors                 ; Number      ;
+----------------------------+-------------+
; Number detected on machine ; 4           ;
; Maximum allowed            ; 2           ;
;                            ;             ;
; Average used               ; 1.00        ;
; Maximum used               ; 2           ;
;                            ;             ;
; Usage by Processor         ; % Time Used ;
;     Processor 1            ; 100.0%      ;
;     Processor 2            ; < 0.1%      ;
+----------------------------+-------------+


+-------------------------------------------------------------------------------------------------------------------------------------------------------------------------------------+
; Analysis & Synthesis Source Files Read                                                                                                                                              ;
+----------------------------------+-----------------+------------------------+---------------------------------------------------------------------------------------------+---------+
; File Name with User-Entered Path ; Used in Netlist ; File Type              ; File Name with Absolute Path                                                                ; Library ;
+----------------------------------+-----------------+------------------------+---------------------------------------------------------------------------------------------+---------+
; digital_timer_top.v              ; yes             ; User Verilog HDL File  ; D:/Work/College/Semester 5/Current Year/CSEN605/Workspace/digital_timer/digital_timer_top.v ;         ;
; clk_generator.v                  ; yes             ; User Verilog HDL File  ; D:/Work/College/Semester 5/Current Year/CSEN605/Workspace/digital_timer/clk_generator.v     ;         ;
; counter_99.v                     ; yes             ; User Verilog HDL File  ; D:/Work/College/Semester 5/Current Year/CSEN605/Workspace/digital_timer/counter_99.v        ;         ;
; binary_to_BCD.v                  ; yes             ; User Verilog HDL File  ; D:/Work/College/Semester 5/Current Year/CSEN605/Workspace/digital_timer/binary_to_BCD.v     ;         ;
; segment_display.v                ; yes             ; User Verilog HDL File  ; D:/Work/College/Semester 5/Current Year/CSEN605/Workspace/digital_timer/segment_display.v   ;         ;
+----------------------------------+-----------------+------------------------+---------------------------------------------------------------------------------------------+---------+


+---------------------------------------------------------------+
; Analysis & Synthesis Resource Usage Summary                   ;
+---------------------------------------------+-----------------+
; Resource                                    ; Usage           ;
+---------------------------------------------+-----------------+
; Estimated Total logic elements              ; 108             ;
;                                             ;                 ;
; Total combinational functions               ; 108             ;
; Logic element usage by number of LUT inputs ;                 ;
;     -- 4 input functions                    ; 41              ;
;     -- 3 input functions                    ; 20              ;
;     -- <=2 input functions                  ; 47              ;
;                                             ;                 ;
; Logic elements by mode                      ;                 ;
;     -- normal mode                          ; 77              ;
;     -- arithmetic mode                      ; 31              ;
;                                             ;                 ;
; Total registers                             ; 34              ;
;     -- Dedicated logic registers            ; 34              ;
;     -- I/O registers                        ; 0               ;
;                                             ;                 ;
; I/O pins                                    ; 18              ;
;                                             ;                 ;
; Embedded Multiplier 9-bit elements          ; 0               ;
;                                             ;                 ;
; Maximum fan-out node                        ; clk_50MHz~input ;
; Maximum fan-out                             ; 26              ;
; Total fan-out                               ; 424             ;
; Average fan-out                             ; 2.38            ;
+---------------------------------------------+-----------------+


+--------------------------------------------------------------------------------------------------------------------------------------------------------------------------------------------------------------------------------------+
; Analysis & Synthesis Resource Utilization by Entity                                                                                                                                                                                  ;
+---------------------------------+-------------------+--------------+-------------+------------+--------------+---------+-----------+------+--------------+------------+-----------------------------------------------+--------------+
; Compilation Hierarchy Node      ; LC Combinationals ; LC Registers ; Memory Bits ; UFM Blocks ; DSP Elements ; DSP 9x9 ; DSP 18x18 ; Pins ; Virtual Pins ; ADC blocks ; Full Hierarchy Name                           ; Library Name ;
+---------------------------------+-------------------+--------------+-------------+------------+--------------+---------+-----------+------+--------------+------------+-----------------------------------------------+--------------+
; |digital_timer_top              ; 108 (0)           ; 34 (0)       ; 0           ; 0          ; 0            ; 0       ; 0         ; 18   ; 0            ; 0          ; |digital_timer_top                            ; work         ;
;    |binary_to_BCD:bcd_encoder|  ; 27 (27)           ; 0 (0)        ; 0           ; 0          ; 0            ; 0       ; 0         ; 0    ; 0            ; 0          ; |digital_timer_top|binary_to_BCD:bcd_encoder  ; work         ;
;    |clk_generator:clk_2_50|     ; 46 (46)           ; 26 (26)      ; 0           ; 0          ; 0            ; 0       ; 0         ; 0    ; 0            ; 0          ; |digital_timer_top|clk_generator:clk_2_50     ; work         ;
;    |counter_99:digital_counter| ; 13 (13)           ; 8 (8)        ; 0           ; 0          ; 0            ; 0       ; 0         ; 0    ; 0            ; 0          ; |digital_timer_top|counter_99:digital_counter ; work         ;
;    |segment_display:HEX_0|      ; 15 (15)           ; 0 (0)        ; 0           ; 0          ; 0            ; 0       ; 0         ; 0    ; 0            ; 0          ; |digital_timer_top|segment_display:HEX_0      ; work         ;
;    |segment_display:HEX_1|      ; 7 (7)             ; 0 (0)        ; 0           ; 0          ; 0            ; 0       ; 0         ; 0    ; 0            ; 0          ; |digital_timer_top|segment_display:HEX_1      ; work         ;
+---------------------------------+-------------------+--------------+-------------+------------+--------------+---------+-----------+------+--------------+------------+-----------------------------------------------+--------------+
Note: For table entries with two numbers listed, the numbers in parentheses indicate the number of resources of the given type used by the specific entity alone. The numbers listed outside of parentheses indicate the total resources of the given type used by the specific entity and all of its sub-entities in the hierarchy.


+-----------------------------------------------------------------------------------------------------------+
; User-Specified and Inferred Latches                                                                       ;
+-----------------------------------------------------+----------------------------+------------------------+
; Latch Name                                          ; Latch Enable Signal        ; Free of Timing Hazards ;
+-----------------------------------------------------+----------------------------+------------------------+
; segment_display:HEX_0|segment_code[0]               ; segment_display:HEX_0|Mux7 ; yes                    ;
; segment_display:HEX_0|segment_code[1]               ; segment_display:HEX_0|Mux7 ; yes                    ;
; segment_display:HEX_0|segment_code[2]               ; segment_display:HEX_0|Mux7 ; yes                    ;
; segment_display:HEX_0|segment_code[3]               ; segment_display:HEX_0|Mux7 ; yes                    ;
; segment_display:HEX_0|segment_code[4]               ; segment_display:HEX_0|Mux7 ; yes                    ;
; segment_display:HEX_0|segment_code[5]               ; segment_display:HEX_0|Mux7 ; yes                    ;
; segment_display:HEX_0|segment_code[6]               ; segment_display:HEX_0|Mux7 ; yes                    ;
; segment_display:HEX_1|segment_code[0]               ; segment_display:HEX_1|Mux7 ; yes                    ;
; segment_display:HEX_1|segment_code[1]               ; segment_display:HEX_1|Mux7 ; yes                    ;
; segment_display:HEX_1|segment_code[2]               ; segment_display:HEX_1|Mux7 ; yes                    ;
; segment_display:HEX_1|segment_code[3]               ; segment_display:HEX_1|Mux7 ; yes                    ;
; segment_display:HEX_1|segment_code[4]               ; segment_display:HEX_1|Mux7 ; yes                    ;
; segment_display:HEX_1|segment_code[5]               ; segment_display:HEX_1|Mux7 ; yes                    ;
; segment_display:HEX_1|segment_code[6]               ; segment_display:HEX_1|Mux7 ; yes                    ;
; Number of user-specified and inferred latches = 14  ;                            ;                        ;
+-----------------------------------------------------+----------------------------+------------------------+
Note: All latches listed above may not be present at the end of synthesis due to various synthesis optimizations.


+------------------------------------------------------+
; General Register Statistics                          ;
+----------------------------------------------+-------+
; Statistic                                    ; Value ;
+----------------------------------------------+-------+
; Total registers                              ; 34    ;
; Number of registers using Synchronous Clear  ; 0     ;
; Number of registers using Synchronous Load   ; 0     ;
; Number of registers using Asynchronous Clear ; 8     ;
; Number of registers using Asynchronous Load  ; 0     ;
; Number of registers using Clock Enable       ; 0     ;
; Number of registers using Preset             ; 0     ;
+----------------------------------------------+-------+


+--------------------------------------------------------------------------------------------------------------------+
; Port Connectivity Checks: "binary_to_BCD:bcd_encoder"                                                              ;
+----------+--------+----------+-------------------------------------------------------------------------------------+
; Port     ; Type   ; Severity ; Details                                                                             ;
+----------+--------+----------+-------------------------------------------------------------------------------------+
; hundreds ; Output ; Info     ; Connected to dangling logic. Logic that only feeds a dangling port will be removed. ;
+----------+--------+----------+-------------------------------------------------------------------------------------+


+-----------------------------------------------------+
; Post-Synthesis Netlist Statistics for Top Partition ;
+-----------------------+-----------------------------+
; Type                  ; Count                       ;
+-----------------------+-----------------------------+
; boundary_port         ; 18                          ;
; cycloneiii_ff         ; 34                          ;
;     CLR               ; 8                           ;
;     plain             ; 26                          ;
; cycloneiii_lcell_comb ; 110                         ;
;     arith             ; 31                          ;
;         2 data inputs ; 31                          ;
;     normal            ; 79                          ;
;         0 data inputs ; 1                           ;
;         1 data inputs ; 3                           ;
;         2 data inputs ; 14                          ;
;         3 data inputs ; 20                          ;
;         4 data inputs ; 41                          ;
;                       ;                             ;
; Max LUT depth         ; 8.00                        ;
; Average LUT depth     ; 4.24                        ;
+-----------------------+-----------------------------+


+-------------------------------+
; Elapsed Time Per Partition    ;
+----------------+--------------+
; Partition Name ; Elapsed Time ;
+----------------+--------------+
; Top            ; 00:00:01     ;
+----------------+--------------+


+-------------------------------+
; Analysis & Synthesis Messages ;
+-------------------------------+
Info: *******************************************************************
Info: Running Quartus Prime Analysis & Synthesis
    Info: Version 15.1.0 Build 185 10/21/2015 SJ Lite Edition
    Info: Processing started: Sat Nov 04 10:39:14 2017
Info: Command: quartus_map --read_settings_files=on --write_settings_files=off digital_timer -c digital_timer_top
Info (20030): Parallel compilation is enabled and will use 2 of the 2 processors detected
Info (12021): Found 1 design units, including 1 entities, in source file digital_timer_top.v
    Info (12023): Found entity 1: digital_timer_top File: D:/Work/College/Semester 5/Current Year/CSEN605/Workspace/digital_timer/digital_timer_top.v Line: 12
Info (12021): Found 1 design units, including 1 entities, in source file clk_generator.v
    Info (12023): Found entity 1: clk_generator File: D:/Work/College/Semester 5/Current Year/CSEN605/Workspace/digital_timer/clk_generator.v Line: 1
Info (12021): Found 1 design units, including 1 entities, in source file counter_99.v
    Info (12023): Found entity 1: counter_99 File: D:/Work/College/Semester 5/Current Year/CSEN605/Workspace/digital_timer/counter_99.v Line: 1
Info (12021): Found 1 design units, including 1 entities, in source file binary_to_bcd.v
    Info (12023): Found entity 1: binary_to_BCD File: D:/Work/College/Semester 5/Current Year/CSEN605/Workspace/digital_timer/binary_to_BCD.v Line: 12
Info (12021): Found 1 design units, including 1 entities, in source file segment_display.v
    Info (12023): Found entity 1: segment_display File: D:/Work/College/Semester 5/Current Year/CSEN605/Workspace/digital_timer/segment_display.v Line: 7
Info (12127): Elaborating entity "digital_timer_top" for the top level hierarchy
Info (12128): Elaborating entity "clk_generator" for hierarchy "clk_generator:clk_2_50" File: D:/Work/College/Semester 5/Current Year/CSEN605/Workspace/digital_timer/digital_timer_top.v Line: 19
Warning (10230): Verilog HDL assignment warning at clk_generator.v(20): truncated value with size 32 to match size of target (25) File: D:/Work/College/Semester 5/Current Year/CSEN605/Workspace/digital_timer/clk_generator.v Line: 20
Info (12128): Elaborating entity "counter_99" for hierarchy "counter_99:digital_counter" File: D:/Work/College/Semester 5/Current Year/CSEN605/Workspace/digital_timer/digital_timer_top.v Line: 20
Warning (10230): Verilog HDL assignment warning at counter_99.v(23): truncated value with size 32 to match size of target (8) File: D:/Work/College/Semester 5/Current Year/CSEN605/Workspace/digital_timer/counter_99.v Line: 23
Info (12128): Elaborating entity "binary_to_BCD" for hierarchy "binary_to_BCD:bcd_encoder" File: D:/Work/College/Semester 5/Current Year/CSEN605/Workspace/digital_timer/digital_timer_top.v Line: 21
Warning (10230): Verilog HDL assignment warning at binary_to_BCD.v(31): truncated value with size 32 to match size of target (4) File: D:/Work/College/Semester 5/Current Year/CSEN605/Workspace/digital_timer/binary_to_BCD.v Line: 31
Warning (10230): Verilog HDL assignment warning at binary_to_BCD.v(29): truncated value with size 32 to match size of target (4) File: D:/Work/College/Semester 5/Current Year/CSEN605/Workspace/digital_timer/binary_to_BCD.v Line: 29
Info (12128): Elaborating entity "segment_display" for hierarchy "segment_display:HEX_0" File: D:/Work/College/Semester 5/Current Year/CSEN605/Workspace/digital_timer/digital_timer_top.v Line: 22
Warning (10270): Verilog HDL Case Statement warning at segment_display.v(12): incomplete case statement has no default case item File: D:/Work/College/Semester 5/Current Year/CSEN605/Workspace/digital_timer/segment_display.v Line: 12
Warning (10240): Verilog HDL Always Construct warning at segment_display.v(10): inferring latch(es) for variable "segment_code", which holds its previous value in one or more paths through the always construct File: D:/Work/College/Semester 5/Current Year/CSEN605/Workspace/digital_timer/segment_display.v Line: 10
Info (10041): Inferred latch for "segment_code[0]" at segment_display.v(10) File: D:/Work/College/Semester 5/Current Year/CSEN605/Workspace/digital_timer/segment_display.v Line: 10
Info (10041): Inferred latch for "segment_code[1]" at segment_display.v(10) File: D:/Work/College/Semester 5/Current Year/CSEN605/Workspace/digital_timer/segment_display.v Line: 10
Info (10041): Inferred latch for "segment_code[2]" at segment_display.v(10) File: D:/Work/College/Semester 5/Current Year/CSEN605/Workspace/digital_timer/segment_display.v Line: 10
Info (10041): Inferred latch for "segment_code[3]" at segment_display.v(10) File: D:/Work/College/Semester 5/Current Year/CSEN605/Workspace/digital_timer/segment_display.v Line: 10
Info (10041): Inferred latch for "segment_code[4]" at segment_display.v(10) File: D:/Work/College/Semester 5/Current Year/CSEN605/Workspace/digital_timer/segment_display.v Line: 10
Info (10041): Inferred latch for "segment_code[5]" at segment_display.v(10) File: D:/Work/College/Semester 5/Current Year/CSEN605/Workspace/digital_timer/segment_display.v Line: 10
Info (10041): Inferred latch for "segment_code[6]" at segment_display.v(10) File: D:/Work/College/Semester 5/Current Year/CSEN605/Workspace/digital_timer/segment_display.v Line: 10
Info (10041): Inferred latch for "segment_code[7]" at segment_display.v(10) File: D:/Work/College/Semester 5/Current Year/CSEN605/Workspace/digital_timer/segment_display.v Line: 10
Warning (13012): Latch segment_display:HEX_0|segment_code[0] has unsafe behavior File: D:/Work/College/Semester 5/Current Year/CSEN605/Workspace/digital_timer/segment_display.v Line: 10
    Warning (13013): Ports D and ENA on the latch are fed by the same signal counter_99:digital_counter|count[1] File: D:/Work/College/Semester 5/Current Year/CSEN605/Workspace/digital_timer/counter_99.v Line: 21
Warning (13012): Latch segment_display:HEX_0|segment_code[1] has unsafe behavior File: D:/Work/College/Semester 5/Current Year/CSEN605/Workspace/digital_timer/segment_display.v Line: 10
    Warning (13013): Ports D and ENA on the latch are fed by the same signal counter_99:digital_counter|count[1] File: D:/Work/College/Semester 5/Current Year/CSEN605/Workspace/digital_timer/counter_99.v Line: 21
Warning (13012): Latch segment_display:HEX_0|segment_code[2] has unsafe behavior File: D:/Work/College/Semester 5/Current Year/CSEN605/Workspace/digital_timer/segment_display.v Line: 10
    Warning (13013): Ports D and ENA on the latch are fed by the same signal counter_99:digital_counter|count[1] File: D:/Work/College/Semester 5/Current Year/CSEN605/Workspace/digital_timer/counter_99.v Line: 21
Warning (13012): Latch segment_display:HEX_0|segment_code[3] has unsafe behavior File: D:/Work/College/Semester 5/Current Year/CSEN605/Workspace/digital_timer/segment_display.v Line: 10
    Warning (13013): Ports D and ENA on the latch are fed by the same signal counter_99:digital_counter|count[1] File: D:/Work/College/Semester 5/Current Year/CSEN605/Workspace/digital_timer/counter_99.v Line: 21
Warning (13012): Latch segment_display:HEX_0|segment_code[4] has unsafe behavior File: D:/Work/College/Semester 5/Current Year/CSEN605/Workspace/digital_timer/segment_display.v Line: 10
    Warning (13013): Ports D and ENA on the latch are fed by the same signal counter_99:digital_counter|count[1] File: D:/Work/College/Semester 5/Current Year/CSEN605/Workspace/digital_timer/counter_99.v Line: 21
Warning (13012): Latch segment_display:HEX_0|segment_code[5] has unsafe behavior File: D:/Work/College/Semester 5/Current Year/CSEN605/Workspace/digital_timer/segment_display.v Line: 10
    Warning (13013): Ports D and ENA on the latch are fed by the same signal counter_99:digital_counter|count[1] File: D:/Work/College/Semester 5/Current Year/CSEN605/Workspace/digital_timer/counter_99.v Line: 21
Warning (13012): Latch segment_display:HEX_0|segment_code[6] has unsafe behavior File: D:/Work/College/Semester 5/Current Year/CSEN605/Workspace/digital_timer/segment_display.v Line: 10
    Warning (13013): Ports D and ENA on the latch are fed by the same signal counter_99:digital_counter|count[1] File: D:/Work/College/Semester 5/Current Year/CSEN605/Workspace/digital_timer/counter_99.v Line: 21
Warning (13012): Latch segment_display:HEX_1|segment_code[0] has unsafe behavior File: D:/Work/College/Semester 5/Current Year/CSEN605/Workspace/digital_timer/segment_display.v Line: 10
    Warning (13013): Ports D and ENA on the latch are fed by the same signal counter_99:digital_counter|count[7] File: D:/Work/College/Semester 5/Current Year/CSEN605/Workspace/digital_timer/counter_99.v Line: 21
Warning (13012): Latch segment_display:HEX_1|segment_code[1] has unsafe behavior File: D:/Work/College/Semester 5/Current Year/CSEN605/Workspace/digital_timer/segment_display.v Line: 10
    Warning (13013): Ports D and ENA on the latch are fed by the same signal counter_99:digital_counter|count[7] File: D:/Work/College/Semester 5/Current Year/CSEN605/Workspace/digital_timer/counter_99.v Line: 21
Warning (13012): Latch segment_display:HEX_1|segment_code[2] has unsafe behavior File: D:/Work/College/Semester 5/Current Year/CSEN605/Workspace/digital_timer/segment_display.v Line: 10
    Warning (13013): Ports D and ENA on the latch are fed by the same signal counter_99:digital_counter|count[7] File: D:/Work/College/Semester 5/Current Year/CSEN605/Workspace/digital_timer/counter_99.v Line: 21
Warning (13012): Latch segment_display:HEX_1|segment_code[3] has unsafe behavior File: D:/Work/College/Semester 5/Current Year/CSEN605/Workspace/digital_timer/segment_display.v Line: 10
    Warning (13013): Ports D and ENA on the latch are fed by the same signal counter_99:digital_counter|count[7] File: D:/Work/College/Semester 5/Current Year/CSEN605/Workspace/digital_timer/counter_99.v Line: 21
Warning (13012): Latch segment_display:HEX_1|segment_code[4] has unsafe behavior File: D:/Work/College/Semester 5/Current Year/CSEN605/Workspace/digital_timer/segment_display.v Line: 10
    Warning (13013): Ports D and ENA on the latch are fed by the same signal counter_99:digital_counter|count[7] File: D:/Work/College/Semester 5/Current Year/CSEN605/Workspace/digital_timer/counter_99.v Line: 21
Warning (13012): Latch segment_display:HEX_1|segment_code[5] has unsafe behavior File: D:/Work/College/Semester 5/Current Year/CSEN605/Workspace/digital_timer/segment_display.v Line: 10
    Warning (13013): Ports D and ENA on the latch are fed by the same signal counter_99:digital_counter|count[7] File: D:/Work/College/Semester 5/Current Year/CSEN605/Workspace/digital_timer/counter_99.v Line: 21
Warning (13012): Latch segment_display:HEX_1|segment_code[6] has unsafe behavior File: D:/Work/College/Semester 5/Current Year/CSEN605/Workspace/digital_timer/segment_display.v Line: 10
    Warning (13013): Ports D and ENA on the latch are fed by the same signal counter_99:digital_counter|count[7] File: D:/Work/College/Semester 5/Current Year/CSEN605/Workspace/digital_timer/counter_99.v Line: 21
Warning (14026): LATCH primitive "segment_display:HEX_1|segment_code[0]" is permanently enabled File: D:/Work/College/Semester 5/Current Year/CSEN605/Workspace/digital_timer/segment_display.v Line: 10
Warning (14026): LATCH primitive "segment_display:HEX_1|segment_code[1]" is permanently enabled File: D:/Work/College/Semester 5/Current Year/CSEN605/Workspace/digital_timer/segment_display.v Line: 10
Warning (14026): LATCH primitive "segment_display:HEX_1|segment_code[2]" is permanently enabled File: D:/Work/College/Semester 5/Current Year/CSEN605/Workspace/digital_timer/segment_display.v Line: 10
Warning (14026): LATCH primitive "segment_display:HEX_1|segment_code[3]" is permanently enabled File: D:/Work/College/Semester 5/Current Year/CSEN605/Workspace/digital_timer/segment_display.v Line: 10
Warning (14026): LATCH primitive "segment_display:HEX_1|segment_code[4]" is permanently enabled File: D:/Work/College/Semester 5/Current Year/CSEN605/Workspace/digital_timer/segment_display.v Line: 10
Warning (14026): LATCH primitive "segment_display:HEX_1|segment_code[5]" is permanently enabled File: D:/Work/College/Semester 5/Current Year/CSEN605/Workspace/digital_timer/segment_display.v Line: 10
Warning (14026): LATCH primitive "segment_display:HEX_1|segment_code[6]" is permanently enabled File: D:/Work/College/Semester 5/Current Year/CSEN605/Workspace/digital_timer/segment_display.v Line: 10
Warning (13024): Output pins are stuck at VCC or GND
    Warning (13410): Pin "seg_0[7]" is stuck at VCC File: D:/Work/College/Semester 5/Current Year/CSEN605/Workspace/digital_timer/digital_timer_top.v Line: 15
    Warning (13410): Pin "seg_1[7]" is stuck at VCC File: D:/Work/College/Semester 5/Current Year/CSEN605/Workspace/digital_timer/digital_timer_top.v Line: 15
Info (286030): Timing-Driven Synthesis is running
Info (16010): Generating hard_block partition "hard_block:auto_generated_inst"
    Info (16011): Adding 0 node(s), including 0 DDIO, 0 PLL, 0 transceiver and 0 LCELL
Info (21057): Implemented 126 device resources after synthesis - the final resource count might be different
    Info (21058): Implemented 2 input pins
    Info (21059): Implemented 16 output pins
    Info (21061): Implemented 108 logic cells
Info: Quartus Prime Analysis & Synthesis was successful. 0 errors, 44 warnings
    Info: Peak virtual memory: 813 megabytes
    Info: Processing ended: Sat Nov 04 10:39:32 2017
    Info: Elapsed time: 00:00:18
    Info: Total CPU time (on all processors): 00:00:37


